<?xml version="1.0" encoding="UTF-8"?>
<!-- Generated by org.testng.reporters.JUnitReportReporter -->
<testsuite skipped="0" hostname="DESKTOP-0S344VJ" name="testcases.readproducts" tests="1" failures="0" timestamp="2022-03-13T14:36:39 EDT" time="4.056" errors="0">
  <testcase name="readallproducts" time="4.056" classname="testcases.readproducts"/>
  <system-out/>
</testsuite> <!-- testcases.readproducts -->
