<?xml version="1.0" encoding="UTF-8"?>
<!-- Generated by org.testng.reporters.JUnitReportReporter -->
<testsuite skipped="0" hostname="DESKTOP-0S344VJ" name="testcases.Readallproducts" tests="1" failures="0" timestamp="2022-03-13T13:00:01 EDT" time="0.009" errors="0">
  <testcase name="readallproducts" time="0.009" classname="testcases.Readallproducts"/>
  <system-out/>
</testsuite> <!-- testcases.Readallproducts -->
